Unity Editor version:    6000.0.33f1 (433b0a79340b)
Branch:                  6000.0/staging
Build type:              Release
Batch mode:              YES
macOS version:           Version 15.2 (Build 24C101)
Darwin version:          24.2.0
Architecture:            arm64
Running under Rosetta:   NO
Available memory:        16384 MB
Using pre-set license
Pro License: YES

COMMAND LINE ARGUMENTS:
/Applications/Unity/Hub/Editor/6000.0.33f1/Unity.app/Contents/MacOS/Unity
-adb2
-batchMode
-noUpm
-name
AssetImportWorker0
-projectPath
/Users/damonng/cs-426-hw2
-logFile
Logs/AssetImportWorker0.log
-srvPort
56128
-job-worker-count
4
-background-job-worker-count
8
-gc-helper-count
1
Successfully changed project path to: /Users/damonng/cs-426-hw2
/Users/damonng/cs-426-hw2
[UnityMemory] Configuration Parameters - Can be set up in boot.config
    "memorysetup-bucket-allocator-granularity=16"
    "memorysetup-bucket-allocator-bucket-count=8"
    "memorysetup-bucket-allocator-block-size=33554432"
    "memorysetup-bucket-allocator-block-count=8"
    "memorysetup-main-allocator-block-size=16777216"
    "memorysetup-thread-allocator-block-size=16777216"
    "memorysetup-gfx-main-allocator-block-size=16777216"
    "memorysetup-gfx-thread-allocator-block-size=16777216"
    "memorysetup-cache-allocator-block-size=4194304"
    "memorysetup-typetree-allocator-block-size=2097152"
    "memorysetup-profiler-bucket-allocator-granularity=16"
    "memorysetup-profiler-bucket-allocator-bucket-count=8"
    "memorysetup-profiler-bucket-allocator-block-size=33554432"
    "memorysetup-profiler-bucket-allocator-block-count=8"
    "memorysetup-profiler-allocator-block-size=16777216"
    "memorysetup-profiler-editor-allocator-block-size=1048576"
    "memorysetup-temp-allocator-size-main=16777216"
    "memorysetup-job-temp-allocator-block-size=2097152"
    "memorysetup-job-temp-allocator-block-size-background=1048576"
    "memorysetup-job-temp-allocator-reduction-small-platforms=262144"
    "memorysetup-allocator-temp-initial-block-size-main=262144"
    "memorysetup-allocator-temp-initial-block-size-worker=262144"
    "memorysetup-temp-allocator-size-background-worker=32768"
    "memorysetup-temp-allocator-size-job-worker=262144"
    "memorysetup-temp-allocator-size-preload-manager=33554432"
    "memorysetup-temp-allocator-size-nav-mesh-worker=65536"
    "memorysetup-temp-allocator-size-audio-worker=65536"
    "memorysetup-temp-allocator-size-cloud-worker=32768"
    "memorysetup-temp-allocator-size-gi-baking-worker=262144"
    "memorysetup-temp-allocator-size-gi-baking-worker=262144"
    "memorysetup-temp-allocator-size-gi-baking-worker=262144"
    "memorysetup-temp-allocator-size-gi-baking-worker=262144"
    "memorysetup-temp-allocator-size-gi-baking-worker=262144"
    "memorysetup-temp-allocator-size-gfx=262144"
Player connection [8492974656]  Target information:

Player connection [8492974656]  * "[IP] 10.0.0.125 [Port] 0 [Flags] 2 [Guid] 3048263742 [EditorId] 3048263742 [Version] 1048832 [Id] OSXEditor(0,damondeMac-mini.local) [Debug] 1 [PackageName] OSXEditor [ProjectName] Editor" 

Player connection [8492974656] Host joined multi-casting on [225.0.0.222:54997]...
Player connection [8492974656] Host joined alternative multi-casting on [225.0.0.222:34997]...
JobSystem: Creating JobQueue using job-worker-count value 4
[Physics::Module] Initialized fallback backend.
[Physics::Module] Id: 0xdecafbad
Library Redirect Path: Library/
[Physics::Module] Selected backend.
[Physics::Module] Name: PhysX
[Physics::Module] Id: 0xf2b8ea05
[Physics::Module] SDK Version: 4.1.2
[Physics::Module] Integration Version: 1.0.0
[Physics::Module] Threading Mode: Multi-Threaded
Refreshing native plugins compatible for Editor in 1.05 ms, found 2 plugins.
Preloading 0 native plugins for Editor in 0.00 ms.
Initialize engine version: 6000.0.33f1 (433b0a79340b)
[Subsystems] Discovering subsystems at path /Applications/Unity/Hub/Editor/6000.0.33f1/Unity.app/Contents/Resources/UnitySubsystems
[Subsystems] Discovering subsystems at path /Users/damonng/cs-426-hw2/Assets
GfxDevice: creating device client; kGfxThreadingModeNonThreaded
 preferred device: Apple M4 (high power)
Metal devices available: 1
0: Apple M4 (high power)
Using device Apple M4 (high power)
Initializing Metal device caps: Apple M4
Initialize mono
Mono path[0] = '/Applications/Unity/Hub/Editor/6000.0.33f1/Unity.app/Contents/Managed'
Mono path[1] = '/Applications/Unity/Hub/Editor/6000.0.33f1/Unity.app/Contents/MonoBleedingEdge/lib/mono/unityjit-macos'
Mono config path = '/Applications/Unity/Hub/Editor/6000.0.33f1/Unity.app/Contents/MonoBleedingEdge/etc'
Using monoOptions --debugger-agent=transport=dt_socket,embedding=1,server=y,suspend=n,address=127.0.0.1:56748
Begin MonoManager ReloadAssembly
Registering precompiled unity dll's ...
Register platform support module: /Applications/Unity/Hub/Editor/6000.0.33f1/PlaybackEngines/WebGLSupport/UnityEditor.WebGL.Extensions.dll
Register platform support module: /Applications/Unity/Hub/Editor/6000.0.33f1/Unity.app/Contents/PlaybackEngines/MacStandaloneSupport/UnityEditor.OSXStandalone.Extensions.dll
Register platform support module: /Applications/Unity/Hub/Editor/6000.0.33f1/PlaybackEngines/WindowsStandaloneSupport/UnityEditor.WindowsStandalone.Extensions.dll
Registered in 0.003436 seconds.
- Loaded All Assemblies, in  0.215 seconds
Native extension for WindowsStandalone target not found
Native extension for OSXStandalone target not found
Native extension for WebGL target not found
Mono: successfully reloaded assembly
- Finished resetting the current domain, in  0.191 seconds
Domain Reload Profiling: 406ms
	BeginReloadAssembly (74ms)
		ExecutionOrderSort (0ms)
		DisableScriptedObjects (0ms)
		BackupInstance (0ms)
		ReleaseScriptingObjects (0ms)
		CreateAndSetChildDomain (0ms)
	RebuildCommonClasses (20ms)
	RebuildNativeTypeToScriptingClass (7ms)
	initialDomainReloadingComplete (25ms)
	LoadAllAssembliesAndSetupDomain (89ms)
		LoadAssemblies (75ms)
		RebuildTransferFunctionScriptingTraits (0ms)
		AnalyzeDomain (86ms)
			TypeCache.Refresh (85ms)
				TypeCache.ScanAssembly (77ms)
			BuildScriptInfoCaches (0ms)
			ResolveRequiredComponents (0ms)
	FinalizeReload (191ms)
		ReleaseScriptCaches (0ms)
		RebuildScriptCaches (0ms)
		SetupLoadedEditorAssemblies (170ms)
			LogAssemblyErrors (0ms)
			InitializePlatformSupportModulesInManaged (44ms)
			SetLoadedEditorAssemblies (2ms)
			BeforeProcessingInitializeOnLoad (28ms)
			ProcessInitializeOnLoadAttributes (62ms)
			ProcessInitializeOnLoadMethodAttributes (35ms)
			AfterProcessingInitializeOnLoad (0ms)
			EditorAssembliesLoaded (0ms)
		ExecutionOrderSort2 (0ms)
		AwakeInstancesAfterBackupRestoration (0ms)
========================================================================
Worker process is ready to serve import requests
Import Worker Mode flag is 0x00
Begin MonoManager ReloadAssembly
- Loaded All Assemblies, in  0.350 seconds
Refreshing native plugins compatible for Editor in 0.20 ms, found 2 plugins.
Native extension for WindowsStandalone target not found
Native extension for OSXStandalone target not found
Native extension for WebGL target not found
Mono: successfully reloaded assembly
- Finished resetting the current domain, in  0.294 seconds
Domain Reload Profiling: 644ms
	BeginReloadAssembly (63ms)
		ExecutionOrderSort (0ms)
		DisableScriptedObjects (3ms)
		BackupInstance (0ms)
		ReleaseScriptingObjects (0ms)
		CreateAndSetChildDomain (20ms)
	RebuildCommonClasses (21ms)
	RebuildNativeTypeToScriptingClass (7ms)
	initialDomainReloadingComplete (18ms)
	LoadAllAssembliesAndSetupDomain (242ms)
		LoadAssemblies (167ms)
		RebuildTransferFunctionScriptingTraits (0ms)
		AnalyzeDomain (101ms)
			TypeCache.Refresh (84ms)
				TypeCache.ScanAssembly (75ms)
			BuildScriptInfoCaches (13ms)
			ResolveRequiredComponents (2ms)
	FinalizeReload (294ms)
		ReleaseScriptCaches (0ms)
		RebuildScriptCaches (0ms)
		SetupLoadedEditorAssemblies (241ms)
			LogAssemblyErrors (0ms)
			InitializePlatformSupportModulesInManaged (6ms)
			SetLoadedEditorAssemblies (2ms)
			BeforeProcessingInitializeOnLoad (39ms)
			ProcessInitializeOnLoadAttributes (184ms)
			ProcessInitializeOnLoadMethodAttributes (10ms)
			AfterProcessingInitializeOnLoad (0ms)
			EditorAssembliesLoaded (0ms)
		ExecutionOrderSort2 (0ms)
		AwakeInstancesAfterBackupRestoration (1ms)
Launching external process: /Applications/Unity/Hub/Editor/6000.0.33f1/Unity.app/Contents/Tools/UnityShaderCompiler
Launched and connected shader compiler UnityShaderCompiler after 0.02 seconds
Refreshing native plugins compatible for Editor in 0.18 ms, found 2 plugins.
Preloading 0 native plugins for Editor in 0.00 ms.
Unloading 9 Unused Serialized files (Serialized files now loaded: 0)
Unloading 3667 unused Assets / (0.6 MB). Loaded Objects now: 4169.
Memory consumption went from 83.8 MB to 83.3 MB.
Total: 3.455167 ms (FindLiveObjects: 0.155625 ms CreateObjectMapping: 0.069875 ms MarkObjects: 2.835958 ms  DeleteObjects: 0.393250 ms)

========================================================================
Received Import Request.
  Time since last request: 78691.062309 seconds.
  path: Assets/InputSystem_Actions.inputactions
  artifactKey: Guid(289c1b55c9541489481df5cc06664110) Importer(2089858483,192608db42251d675da83286b1cce702)
Start importing Assets/InputSystem_Actions.inputactions using Guid(289c1b55c9541489481df5cc06664110) Importer(2089858483,192608db42251d675da83286b1cce702) (ScriptedImporter) -> (artifact id: 'd7213dfbc07906015316f8ef233f700a') in 0.114466334 seconds
Number of updated asset objects reloaded before import = 0Number of asset objects unloaded after import = 22

========================================================================
Received Prepare
Begin MonoManager ReloadAssembly
Thread 0x314d87000 may have been prematurely finalized
- Loaded All Assemblies, in  0.373 seconds
Refreshing native plugins compatible for Editor in 0.15 ms, found 2 plugins.
Native extension for WindowsStandalone target not found
Native extension for OSXStandalone target not found
Native extension for WebGL target not found
Mono: successfully reloaded assembly
- Finished resetting the current domain, in  0.321 seconds
Domain Reload Profiling: 695ms
	BeginReloadAssembly (137ms)
		ExecutionOrderSort (0ms)
		DisableScriptedObjects (3ms)
		BackupInstance (0ms)
		ReleaseScriptingObjects (0ms)
		CreateAndSetChildDomain (54ms)
	RebuildCommonClasses (23ms)
	RebuildNativeTypeToScriptingClass (7ms)
	initialDomainReloadingComplete (11ms)
	LoadAllAssembliesAndSetupDomain (196ms)
		LoadAssemblies (146ms)
		RebuildTransferFunctionScriptingTraits (0ms)
		AnalyzeDomain (89ms)
			TypeCache.Refresh (7ms)
				TypeCache.ScanAssembly (0ms)
			BuildScriptInfoCaches (78ms)
			ResolveRequiredComponents (2ms)
	FinalizeReload (321ms)
		ReleaseScriptCaches (0ms)
		RebuildScriptCaches (0ms)
		SetupLoadedEditorAssemblies (265ms)
			LogAssemblyErrors (0ms)
			InitializePlatformSupportModulesInManaged (7ms)
			SetLoadedEditorAssemblies (3ms)
			BeforeProcessingInitializeOnLoad (44ms)
			ProcessInitializeOnLoadAttributes (200ms)
			ProcessInitializeOnLoadMethodAttributes (11ms)
			AfterProcessingInitializeOnLoad (0ms)
			EditorAssembliesLoaded (0ms)
		ExecutionOrderSort2 (0ms)
		AwakeInstancesAfterBackupRestoration (2ms)
Refreshing native plugins compatible for Editor in 0.24 ms, found 2 plugins.
Preloading 0 native plugins for Editor in 0.00 ms.
Unloading 1 Unused Serialized files (Serialized files now loaded: 0)
Unloading 3670 unused Assets / (0.7 MB). Loaded Objects now: 4177.
Memory consumption went from 92.6 MB to 91.9 MB.
Total: 3.350792 ms (FindLiveObjects: 0.175667 ms CreateObjectMapping: 0.078750 ms MarkObjects: 2.711167 ms  DeleteObjects: 0.384916 ms)

Prepare: number of updated asset objects reloaded= 0
========================================================================
Received Import Request.
  Time since last request: 989.865743 seconds.
  path: Assets/Loading Games/Toon City Pack/Demo
  artifactKey: Guid(f51f5b646d11c40488ff7ddf22c6cf9c) Importer(815301076,1909f56bfc062723c751e8b465ee728b)
Start importing Assets/Loading Games/Toon City Pack/Demo using Guid(f51f5b646d11c40488ff7ddf22c6cf9c) Importer(815301076,1909f56bfc062723c751e8b465ee728b) (PreviewImporter) -> (artifact id: 'bb742286dc8152b4f709de4ec58560bb') in 0.000854709 seconds
Number of updated asset objects reloaded before import = 0Number of asset objects unloaded after import = 0

========================================================================
Received Import Request.
  Time since last request: 4.704282 seconds.
  path: Assets/Loading Games/Toon City Pack/Materials
  artifactKey: Guid(c37cbee091a3e4c6ebe239c9e829351c) Importer(815301076,1909f56bfc062723c751e8b465ee728b)
Start importing Assets/Loading Games/Toon City Pack/Materials using Guid(c37cbee091a3e4c6ebe239c9e829351c) Importer(815301076,1909f56bfc062723c751e8b465ee728b) (PreviewImporter) -> (artifact id: 'a9005efff1bb0e45b9d500d629fb136e') in 0.000951166 seconds
Number of updated asset objects reloaded before import = 0Number of asset objects unloaded after import = 0

========================================================================
Received Import Request.
  Time since last request: 12897.317014 seconds.
  path: Assets/Loading Games/Toon City Pack/Demo/Scenes/Demo.unity
  artifactKey: Guid(54d57a49b87a3f7468e686600a20aa5f) Importer(815301076,1909f56bfc062723c751e8b465ee728b)
Start importing Assets/Loading Games/Toon City Pack/Demo/Scenes/Demo.unity using Guid(54d57a49b87a3f7468e686600a20aa5f) Importer(815301076,1909f56bfc062723c751e8b465ee728b) (PreviewImporter) -> (artifact id: 'f9b46b37e24096656f08d1d4c9999c42') in 0.000922084 seconds
Number of updated asset objects reloaded before import = 0Number of asset objects unloaded after import = 0

========================================================================
Received Import Request.
  Time since last request: 22.076408 seconds.
  path: Assets/Loading Games/Toon City Pack/Demo/Scenes/city.unity
  artifactKey: Guid(54d57a49b87a3f7468e686600a20aa5f) Importer(815301076,1909f56bfc062723c751e8b465ee728b)
Start importing Assets/Loading Games/Toon City Pack/Demo/Scenes/city.unity using Guid(54d57a49b87a3f7468e686600a20aa5f) Importer(815301076,1909f56bfc062723c751e8b465ee728b) (PreviewImporter) -> (artifact id: '37d163b4108523e0e1eb8277cd4faedc') in 0.000841917 seconds
Number of updated asset objects reloaded before import = 0Number of asset objects unloaded after import = 0

========================================================================
Received Import Request.
  Time since last request: 913.987270 seconds.
  path: Assets/Loading Games/Toon City Pack/Prefabs/Buildings/Civil Buildings/cb-apartment-A.prefab
  artifactKey: Guid(0c7f1786f206a4f149506fbb91114ee7) Importer(815301076,1909f56bfc062723c751e8b465ee728b)
Start importing Assets/Loading Games/Toon City Pack/Prefabs/Buildings/Civil Buildings/cb-apartment-A.prefab using Guid(0c7f1786f206a4f149506fbb91114ee7) Importer(815301076,1909f56bfc062723c751e8b465ee728b) (PreviewImporter) -> (artifact id: '30294429bff05d5bb3fcedcc5ddf777b') in 0.252705833 seconds
Number of updated asset objects reloaded before import = 0Number of asset objects unloaded after import = 11

========================================================================
Received Import Request.
  Time since last request: 1.117236 seconds.
  path: Assets/Loading Games/Toon City Pack/Prefabs/Buildings/Civil Buildings/cb-apartment-B.prefab
  artifactKey: Guid(f154d8e56ba3c48c18e04e119cc1c9cd) Importer(815301076,1909f56bfc062723c751e8b465ee728b)
Start importing Assets/Loading Games/Toon City Pack/Prefabs/Buildings/Civil Buildings/cb-apartment-B.prefab using Guid(f154d8e56ba3c48c18e04e119cc1c9cd) Importer(815301076,1909f56bfc062723c751e8b465ee728b) (PreviewImporter) -> (artifact id: '7480fbee15e5334b05620747c47379a9') in 0.008315875 seconds
Number of updated asset objects reloaded before import = 0Number of asset objects unloaded after import = 11

========================================================================
Received Import Request.
  Time since last request: 0.739502 seconds.
  path: Assets/Loading Games/Toon City Pack/Prefabs/Buildings/Civil Buildings/cb-apartment-C.prefab
  artifactKey: Guid(ceb1ff597bc644b29bb228f75a1e3e32) Importer(815301076,1909f56bfc062723c751e8b465ee728b)
Start importing Assets/Loading Games/Toon City Pack/Prefabs/Buildings/Civil Buildings/cb-apartment-C.prefab using Guid(ceb1ff597bc644b29bb228f75a1e3e32) Importer(815301076,1909f56bfc062723c751e8b465ee728b) (PreviewImporter) -> (artifact id: '5137c1706092c51c9039b04e344ac595') in 0.004107 seconds
Number of updated asset objects reloaded before import = 0Number of asset objects unloaded after import = 11

========================================================================
Received Import Request.
  Time since last request: 2.326663 seconds.
  path: Assets/Loading Games/Toon City Pack/Prefabs/Buildings/Civil Buildings/cb-apartment-D.prefab
  artifactKey: Guid(c003e24639b7949cf8abbaaf6ba7f4c5) Importer(815301076,1909f56bfc062723c751e8b465ee728b)
Start importing Assets/Loading Games/Toon City Pack/Prefabs/Buildings/Civil Buildings/cb-apartment-D.prefab using Guid(c003e24639b7949cf8abbaaf6ba7f4c5) Importer(815301076,1909f56bfc062723c751e8b465ee728b) (PreviewImporter) -> (artifact id: 'ef1d39a1f69a5492f1715226d221da66') in 0.008446709 seconds
Number of updated asset objects reloaded before import = 0Number of asset objects unloaded after import = 11

========================================================================
Received Import Request.
  Time since last request: 0.686366 seconds.
  path: Assets/Loading Games/Toon City Pack/Prefabs/Buildings/Civil Buildings/cb-apartment-E.prefab
  artifactKey: Guid(380532d3abf5c4965bbe57f01a44b6f7) Importer(815301076,1909f56bfc062723c751e8b465ee728b)
Start importing Assets/Loading Games/Toon City Pack/Prefabs/Buildings/Civil Buildings/cb-apartment-E.prefab using Guid(380532d3abf5c4965bbe57f01a44b6f7) Importer(815301076,1909f56bfc062723c751e8b465ee728b) (PreviewImporter) -> (artifact id: '162c37c87c837722cce7188ae7c4fccd') in 0.005316541 seconds
Number of updated asset objects reloaded before import = 0Number of asset objects unloaded after import = 11

========================================================================
Received Import Request.
  Time since last request: 19.198728 seconds.
  path: Assets/Loading Games/Toon City Pack/Prefabs/Buildings/Civil Buildings/cb-apartment-F.prefab
  artifactKey: Guid(b8b48fd9575c34dde9410dee78a4ff72) Importer(815301076,1909f56bfc062723c751e8b465ee728b)
Start importing Assets/Loading Games/Toon City Pack/Prefabs/Buildings/Civil Buildings/cb-apartment-F.prefab using Guid(b8b48fd9575c34dde9410dee78a4ff72) Importer(815301076,1909f56bfc062723c751e8b465ee728b) (PreviewImporter) -> (artifact id: '651bd78fe894d76f2383cb48c4440202') in 0.007719916 seconds
Number of updated asset objects reloaded before import = 0Number of asset objects unloaded after import = 11

========================================================================
Received Import Request.
  Time since last request: 0.889910 seconds.
  path: Assets/Loading Games/Toon City Pack/Prefabs/Buildings/Civil Buildings/cb-apartment-G.prefab
  artifactKey: Guid(ae143931a5435412bb49667fb5750a3b) Importer(815301076,1909f56bfc062723c751e8b465ee728b)
Start importing Assets/Loading Games/Toon City Pack/Prefabs/Buildings/Civil Buildings/cb-apartment-G.prefab using Guid(ae143931a5435412bb49667fb5750a3b) Importer(815301076,1909f56bfc062723c751e8b465ee728b) (PreviewImporter) -> (artifact id: '694ca41ab9c314048f3255735d737976') in 0.004304875 seconds
Number of updated asset objects reloaded before import = 0Number of asset objects unloaded after import = 11

========================================================================
Received Import Request.
  Time since last request: 0.509132 seconds.
  path: Assets/Loading Games/Toon City Pack/Prefabs/Buildings/Civil Buildings/suburban-house-A.prefab
  artifactKey: Guid(10d98aad7ab824bc7835210e42e32f3d) Importer(815301076,1909f56bfc062723c751e8b465ee728b)
Start importing Assets/Loading Games/Toon City Pack/Prefabs/Buildings/Civil Buildings/suburban-house-A.prefab using Guid(10d98aad7ab824bc7835210e42e32f3d) Importer(815301076,1909f56bfc062723c751e8b465ee728b) (PreviewImporter) -> (artifact id: '7445c6d9131194bbdf31b8aa284ec366') in 0.004625458 seconds
Number of updated asset objects reloaded before import = 0Number of asset objects unloaded after import = 11

========================================================================
Received Import Request.
  Time since last request: 1.456434 seconds.
  path: Assets/Loading Games/Toon City Pack/Prefabs/Buildings/Civil Buildings/cb-apartment-J.prefab
  artifactKey: Guid(47eba24edd6844f9ca3ad6953170ab1c) Importer(815301076,1909f56bfc062723c751e8b465ee728b)
Start importing Assets/Loading Games/Toon City Pack/Prefabs/Buildings/Civil Buildings/cb-apartment-J.prefab using Guid(47eba24edd6844f9ca3ad6953170ab1c) Importer(815301076,1909f56bfc062723c751e8b465ee728b) (PreviewImporter) -> (artifact id: '29109b9a6c9221297fffd9551cbbd0d2') in 0.006596875 seconds
Number of updated asset objects reloaded before import = 0Number of asset objects unloaded after import = 11

========================================================================
Received Import Request.
  Time since last request: 27.685223 seconds.
  path: Assets/Loading Games/Toon City Pack/Prefabs/Buildings/Civil Buildings/cb-apartment-H.prefab
  artifactKey: Guid(9e7280d5e34184239966f48cfe7539ab) Importer(815301076,1909f56bfc062723c751e8b465ee728b)
Start importing Assets/Loading Games/Toon City Pack/Prefabs/Buildings/Civil Buildings/cb-apartment-H.prefab using Guid(9e7280d5e34184239966f48cfe7539ab) Importer(815301076,1909f56bfc062723c751e8b465ee728b) (PreviewImporter) -> (artifact id: '7240b57efbd0b5f95c17e990db339ee0') in 0.008419625 seconds
Number of updated asset objects reloaded before import = 0Number of asset objects unloaded after import = 11

========================================================================
Received Import Request.
  Time since last request: 99.522657 seconds.
  path: Assets/Loading Games/Toon City Pack/Prefabs/Buildings/Commercial Buildings/commercial-building-cinema.prefab
  artifactKey: Guid(ebbdd35fb5dc6423d9d2886143119140) Importer(815301076,1909f56bfc062723c751e8b465ee728b)
Start importing Assets/Loading Games/Toon City Pack/Prefabs/Buildings/Commercial Buildings/commercial-building-cinema.prefab using Guid(ebbdd35fb5dc6423d9d2886143119140) Importer(815301076,1909f56bfc062723c751e8b465ee728b) (PreviewImporter) -> (artifact id: '9383987144589391d5ee5af07abba9ea') in 0.01548625 seconds
Number of updated asset objects reloaded before import = 0Number of asset objects unloaded after import = 20

========================================================================
Received Import Request.
  Time since last request: 1.174719 seconds.
  path: Assets/Loading Games/Toon City Pack/Prefabs/Buildings/Commercial Buildings/commercial-building-coffee-shop.prefab
  artifactKey: Guid(bf1f5bdc441574cccb97bc77d94cccac) Importer(815301076,1909f56bfc062723c751e8b465ee728b)
Start importing Assets/Loading Games/Toon City Pack/Prefabs/Buildings/Commercial Buildings/commercial-building-coffee-shop.prefab using Guid(bf1f5bdc441574cccb97bc77d94cccac) Importer(815301076,1909f56bfc062723c751e8b465ee728b) (PreviewImporter) -> (artifact id: '1a1377fcc2955a51a79db5ba269c75d6') in 0.009843625 seconds
Number of updated asset objects reloaded before import = 0Number of asset objects unloaded after import = 16

========================================================================
Received Import Request.
  Time since last request: 3.011492 seconds.
  path: Assets/Loading Games/Toon City Pack/Prefabs/Buildings/Commercial Buildings/commercial-building-concert-hall.prefab
  artifactKey: Guid(f9e94c22f5e3143b4a0ac9d4bbb61cdc) Importer(815301076,1909f56bfc062723c751e8b465ee728b)
Start importing Assets/Loading Games/Toon City Pack/Prefabs/Buildings/Commercial Buildings/commercial-building-concert-hall.prefab using Guid(f9e94c22f5e3143b4a0ac9d4bbb61cdc) Importer(815301076,1909f56bfc062723c751e8b465ee728b) (PreviewImporter) -> (artifact id: '3b4b4dcda515be78e79d6d21644b8964') in 0.006004833 seconds
Number of updated asset objects reloaded before import = 0Number of asset objects unloaded after import = 11

========================================================================
Received Import Request.
  Time since last request: 1.034074 seconds.
  path: Assets/Loading Games/Toon City Pack/Prefabs/Buildings/Commercial Buildings/commercial-building-fastfood-shop.prefab
  artifactKey: Guid(447bc9ea0a8ce4ae2b32e5bd0ada19aa) Importer(815301076,1909f56bfc062723c751e8b465ee728b)
Start importing Assets/Loading Games/Toon City Pack/Prefabs/Buildings/Commercial Buildings/commercial-building-fastfood-shop.prefab using Guid(447bc9ea0a8ce4ae2b32e5bd0ada19aa) Importer(815301076,1909f56bfc062723c751e8b465ee728b) (PreviewImporter) -> (artifact id: '2cde18462bdaca2bca6acc391530d675') in 0.0055285 seconds
Number of updated asset objects reloaded before import = 0Number of asset objects unloaded after import = 16

========================================================================
Received Import Request.
  Time since last request: 1.239130 seconds.
  path: Assets/Loading Games/Toon City Pack/Prefabs/Buildings/Commercial Buildings/commercial-building-ice-cream-shop.prefab
  artifactKey: Guid(ae820dc655ea1441f9d147da791ae4ff) Importer(815301076,1909f56bfc062723c751e8b465ee728b)
Start importing Assets/Loading Games/Toon City Pack/Prefabs/Buildings/Commercial Buildings/commercial-building-ice-cream-shop.prefab using Guid(ae820dc655ea1441f9d147da791ae4ff) Importer(815301076,1909f56bfc062723c751e8b465ee728b) (PreviewImporter) -> (artifact id: '6dc898669e7e2e6e170c0cacadd01d0c') in 0.009672541 seconds
Number of updated asset objects reloaded before import = 0Number of asset objects unloaded after import = 13

========================================================================
Received Import Request.
  Time since last request: 2.816961 seconds.
  path: Assets/Loading Games/Toon City Pack/Prefabs/Buildings/Commercial Buildings/commercial-building-office.prefab
  artifactKey: Guid(08d82fdbc6e4c4edf856d7490d6a66f6) Importer(815301076,1909f56bfc062723c751e8b465ee728b)
Start importing Assets/Loading Games/Toon City Pack/Prefabs/Buildings/Commercial Buildings/commercial-building-office.prefab using Guid(08d82fdbc6e4c4edf856d7490d6a66f6) Importer(815301076,1909f56bfc062723c751e8b465ee728b) (PreviewImporter) -> (artifact id: '07f84eec5b769cbaf0dbd600c526f887') in 0.008687209 seconds
Number of updated asset objects reloaded before import = 0Number of asset objects unloaded after import = 13

========================================================================
Received Import Request.
  Time since last request: 8.513554 seconds.
  path: Assets/Loading Games/Toon City Pack/Prefabs/Buildings/Commercial Buildings/commercial-building-pizza-shop.prefab
  artifactKey: Guid(31ec228187ddd4313a8c9b564df8200a) Importer(815301076,1909f56bfc062723c751e8b465ee728b)
Start importing Assets/Loading Games/Toon City Pack/Prefabs/Buildings/Commercial Buildings/commercial-building-pizza-shop.prefab using Guid(31ec228187ddd4313a8c9b564df8200a) Importer(815301076,1909f56bfc062723c751e8b465ee728b) (PreviewImporter) -> (artifact id: 'fd19bd3b39114292778b321466832234') in 0.007644792 seconds
Number of updated asset objects reloaded before import = 0Number of asset objects unloaded after import = 11

========================================================================
Received Import Request.
  Time since last request: 1.856510 seconds.
  path: Assets/Loading Games/Toon City Pack/Prefabs/Buildings/Government Buildings/government-building-city-hall.prefab
  artifactKey: Guid(9be891bde5b5b4420a9cda984a509ea3) Importer(815301076,1909f56bfc062723c751e8b465ee728b)
Start importing Assets/Loading Games/Toon City Pack/Prefabs/Buildings/Government Buildings/government-building-city-hall.prefab using Guid(9be891bde5b5b4420a9cda984a509ea3) Importer(815301076,1909f56bfc062723c751e8b465ee728b) (PreviewImporter) -> (artifact id: 'dcd9646a495feb56c8db881f5f9afb61') in 0.005975375 seconds
Number of updated asset objects reloaded before import = 0Number of asset objects unloaded after import = 11

========================================================================
Received Import Request.
  Time since last request: 0.835083 seconds.
  path: Assets/Loading Games/Toon City Pack/Prefabs/Buildings/Government Buildings/government-building-bank.prefab
  artifactKey: Guid(80b7f4a5711d54ec2962815e76b809f6) Importer(815301076,1909f56bfc062723c751e8b465ee728b)
Start importing Assets/Loading Games/Toon City Pack/Prefabs/Buildings/Government Buildings/government-building-bank.prefab using Guid(80b7f4a5711d54ec2962815e76b809f6) Importer(815301076,1909f56bfc062723c751e8b465ee728b) (PreviewImporter) -> (artifact id: '9107122e043d4e643d88cccd08053b0f') in 0.006957334 seconds
Number of updated asset objects reloaded before import = 0Number of asset objects unloaded after import = 13

========================================================================
Received Import Request.
  Time since last request: 0.693791 seconds.
  path: Assets/Loading Games/Toon City Pack/Prefabs/Buildings/Government Buildings/government-building-fire-station.prefab
  artifactKey: Guid(92c740a39a2114a0585c8786bd34a4b6) Importer(815301076,1909f56bfc062723c751e8b465ee728b)
Start importing Assets/Loading Games/Toon City Pack/Prefabs/Buildings/Government Buildings/government-building-fire-station.prefab using Guid(92c740a39a2114a0585c8786bd34a4b6) Importer(815301076,1909f56bfc062723c751e8b465ee728b) (PreviewImporter) -> (artifact id: '2ee39eef1017f59c02bd53676b0708b6') in 0.005279584 seconds
Number of updated asset objects reloaded before import = 0Number of asset objects unloaded after import = 18

========================================================================
Received Import Request.
  Time since last request: 2.762370 seconds.
  path: Assets/Loading Games/Toon City Pack/Prefabs/Buildings/Government Buildings/government-building-museum.prefab
  artifactKey: Guid(160c23d4a1f4d4843a0b3a67fcfa4bbf) Importer(815301076,1909f56bfc062723c751e8b465ee728b)
Start importing Assets/Loading Games/Toon City Pack/Prefabs/Buildings/Government Buildings/government-building-museum.prefab using Guid(160c23d4a1f4d4843a0b3a67fcfa4bbf) Importer(815301076,1909f56bfc062723c751e8b465ee728b) (PreviewImporter) -> (artifact id: '523095be6469d0e69b22a580ca458c06') in 0.011493042 seconds
Number of updated asset objects reloaded before import = 0Number of asset objects unloaded after import = 15

========================================================================
Received Import Request.
  Time since last request: 16.130929 seconds.
  path: Assets/Loading Games/Toon City Pack/Prefabs/Buildings/Civil Buildings/suburban-house-C.prefab
  artifactKey: Guid(96d468962340d443989d3580d218cb93) Importer(815301076,1909f56bfc062723c751e8b465ee728b)
Start importing Assets/Loading Games/Toon City Pack/Prefabs/Buildings/Civil Buildings/suburban-house-C.prefab using Guid(96d468962340d443989d3580d218cb93) Importer(815301076,1909f56bfc062723c751e8b465ee728b) (PreviewImporter) -> (artifact id: 'bcd8df9c7e492ca8c20d659a80b880ee') in 0.007966792 seconds
Number of updated asset objects reloaded before import = 0Number of asset objects unloaded after import = 11

========================================================================
Received Import Request.
  Time since last request: 0.388729 seconds.
  path: Assets/Loading Games/Toon City Pack/Prefabs/Buildings/Commercial Buildings
  artifactKey: Guid(09da91efa603441ad8f237ceff989bb4) Importer(815301076,1909f56bfc062723c751e8b465ee728b)
Start importing Assets/Loading Games/Toon City Pack/Prefabs/Buildings/Commercial Buildings using Guid(09da91efa603441ad8f237ceff989bb4) Importer(815301076,1909f56bfc062723c751e8b465ee728b) (PreviewImporter) -> (artifact id: '417799d9ae5f2533d002ab8901dba71f') in 0.00025225 seconds
Number of updated asset objects reloaded before import = 0Number of asset objects unloaded after import = 0

========================================================================
Received Import Request.
  Time since last request: 5.322457 seconds.
  path: Assets/Loading Games/Toon City Pack/Prefabs/Buildings/Commercial Buildings/commercial-building-hotel.prefab
  artifactKey: Guid(5426e7f86b5b74ec0a38dd992399a5b0) Importer(815301076,1909f56bfc062723c751e8b465ee728b)
Start importing Assets/Loading Games/Toon City Pack/Prefabs/Buildings/Commercial Buildings/commercial-building-hotel.prefab using Guid(5426e7f86b5b74ec0a38dd992399a5b0) Importer(815301076,1909f56bfc062723c751e8b465ee728b) (PreviewImporter) -> (artifact id: '027b352311087531117d4affb0ed4137') in 0.011588875 seconds
Number of updated asset objects reloaded before import = 0Number of asset objects unloaded after import = 13

========================================================================
Received Import Request.
  Time since last request: 139.447714 seconds.
  path: Assets/Loading Games/Toon City Pack/Prefabs/Buildings/Civil Buildings/suburban-house-B.prefab
  artifactKey: Guid(8be760067bfd64276b6a98998751e48c) Importer(815301076,1909f56bfc062723c751e8b465ee728b)
Start importing Assets/Loading Games/Toon City Pack/Prefabs/Buildings/Civil Buildings/suburban-house-B.prefab using Guid(8be760067bfd64276b6a98998751e48c) Importer(815301076,1909f56bfc062723c751e8b465ee728b) (PreviewImporter) -> (artifact id: '3fb39977a50fab56d57343feb8ed6e15') in 0.011950791 seconds
Number of updated asset objects reloaded before import = 0Number of asset objects unloaded after import = 11

========================================================================
Received Import Request.
  Time since last request: 9.762581 seconds.
  path: Assets/Loading Games/Toon City Pack/Prefabs/Buildings/Civil Buildings/suburban-house-D.prefab
  artifactKey: Guid(2738b587b9bcf431b89364c9b96631ac) Importer(815301076,1909f56bfc062723c751e8b465ee728b)
Start importing Assets/Loading Games/Toon City Pack/Prefabs/Buildings/Civil Buildings/suburban-house-D.prefab using Guid(2738b587b9bcf431b89364c9b96631ac) Importer(815301076,1909f56bfc062723c751e8b465ee728b) (PreviewImporter) -> (artifact id: '67c11657bb2da8e373eb232d8b005fd0') in 0.007223083 seconds
Number of updated asset objects reloaded before import = 0Number of asset objects unloaded after import = 11

========================================================================
Received Import Request.
  Time since last request: 106.764561 seconds.
  path: Assets/Loading Games/Toon City Pack/Prefabs/Buildings/Civil Buildings/suburban-house-E.prefab
  artifactKey: Guid(7e1e1e5641b7b430e9cff12b237d76cf) Importer(815301076,1909f56bfc062723c751e8b465ee728b)
Start importing Assets/Loading Games/Toon City Pack/Prefabs/Buildings/Civil Buildings/suburban-house-E.prefab using Guid(7e1e1e5641b7b430e9cff12b237d76cf) Importer(815301076,1909f56bfc062723c751e8b465ee728b) (PreviewImporter) -> (artifact id: 'bfa536f636c293ad662d11a45db1eb79') in 0.0088125 seconds
Number of updated asset objects reloaded before import = 0Number of asset objects unloaded after import = 11

========================================================================
Received Import Request.
  Time since last request: 20.509674 seconds.
  path: Assets/Loading Games/Toon City Pack/Prefabs/Buildings/Government Buildings/government-building-police-station.prefab
  artifactKey: Guid(e8734d8ffa67c4f548eb3ea6fc31ca31) Importer(815301076,1909f56bfc062723c751e8b465ee728b)
Start importing Assets/Loading Games/Toon City Pack/Prefabs/Buildings/Government Buildings/government-building-police-station.prefab using Guid(e8734d8ffa67c4f548eb3ea6fc31ca31) Importer(815301076,1909f56bfc062723c751e8b465ee728b) (PreviewImporter) -> (artifact id: 'd07a8107640c6f671c9ecf7c8d55ce0f') in 0.010835833 seconds
Number of updated asset objects reloaded before import = 0Number of asset objects unloaded after import = 13

========================================================================
Received Import Request.
  Time since last request: 1.889079 seconds.
  path: Assets/Loading Games/Toon City Pack/Prefabs/Buildings/Government Buildings/government-building-school.prefab
  artifactKey: Guid(95664cfa7fe4b431986fc1a75b422d03) Importer(815301076,1909f56bfc062723c751e8b465ee728b)
Start importing Assets/Loading Games/Toon City Pack/Prefabs/Buildings/Government Buildings/government-building-school.prefab using Guid(95664cfa7fe4b431986fc1a75b422d03) Importer(815301076,1909f56bfc062723c751e8b465ee728b) (PreviewImporter) -> (artifact id: '76fff1c3116d511c48cf511c3b5f8d9b') in 0.008153167 seconds
Number of updated asset objects reloaded before import = 0Number of asset objects unloaded after import = 13

========================================================================
Received Import Request.
  Time since last request: 11.696115 seconds.
  path: Assets/Loading Games/Toon City Pack/Prefabs/Buildings/Industrial Buildings/industrial-buildings-building-A.prefab
  artifactKey: Guid(db25966dea359426691f69d2fbe2ee14) Importer(815301076,1909f56bfc062723c751e8b465ee728b)
Start importing Assets/Loading Games/Toon City Pack/Prefabs/Buildings/Industrial Buildings/industrial-buildings-building-A.prefab using Guid(db25966dea359426691f69d2fbe2ee14) Importer(815301076,1909f56bfc062723c751e8b465ee728b) (PreviewImporter) -> (artifact id: 'd39457d0a2cbcad0e9854cdbcae5c505') in 0.006573791 seconds
Number of updated asset objects reloaded before import = 0Number of asset objects unloaded after import = 10

========================================================================
Received Import Request.
  Time since last request: 1.269847 seconds.
  path: Assets/Loading Games/Toon City Pack/Prefabs/Buildings/Industrial Buildings/industrial-buildings-building-B.prefab
  artifactKey: Guid(138c23dba62294bff8a77e5a17caeb3c) Importer(815301076,1909f56bfc062723c751e8b465ee728b)
Start importing Assets/Loading Games/Toon City Pack/Prefabs/Buildings/Industrial Buildings/industrial-buildings-building-B.prefab using Guid(138c23dba62294bff8a77e5a17caeb3c) Importer(815301076,1909f56bfc062723c751e8b465ee728b) (PreviewImporter) -> (artifact id: '2c20b40c6f139d14ca09e21c8876a117') in 0.008729 seconds
Number of updated asset objects reloaded before import = 0Number of asset objects unloaded after import = 10

========================================================================
Received Import Request.
  Time since last request: 3.361883 seconds.
  path: Assets/Loading Games/Toon City Pack/Prefabs/Buildings/Industrial Buildings/industrial-buildings-building-C.prefab
  artifactKey: Guid(be889b7cdbf704d7583f89cecda9a2f3) Importer(815301076,1909f56bfc062723c751e8b465ee728b)
Start importing Assets/Loading Games/Toon City Pack/Prefabs/Buildings/Industrial Buildings/industrial-buildings-building-C.prefab using Guid(be889b7cdbf704d7583f89cecda9a2f3) Importer(815301076,1909f56bfc062723c751e8b465ee728b) (PreviewImporter) -> (artifact id: '7abdd30fa0613df6e852a551890010ca') in 0.007778459 seconds
Number of updated asset objects reloaded before import = 0Number of asset objects unloaded after import = 10

========================================================================
Received Import Request.
  Time since last request: 1.622667 seconds.
  path: Assets/Loading Games/Toon City Pack/Prefabs/Buildings/Industrial Buildings/industrial-buildings-inconstruction-building.prefab
  artifactKey: Guid(1f4ddc48a06a343c9aaa65959bdb64dd) Importer(815301076,1909f56bfc062723c751e8b465ee728b)
Start importing Assets/Loading Games/Toon City Pack/Prefabs/Buildings/Industrial Buildings/industrial-buildings-inconstruction-building.prefab using Guid(1f4ddc48a06a343c9aaa65959bdb64dd) Importer(815301076,1909f56bfc062723c751e8b465ee728b) (PreviewImporter) -> (artifact id: '7900d18410de3ed0deca226e820ea3fb') in 0.007552041 seconds
Number of updated asset objects reloaded before import = 0Number of asset objects unloaded after import = 9

========================================================================
Received Import Request.
  Time since last request: 0.957476 seconds.
  path: Assets/Loading Games/Toon City Pack/Prefabs/Buildings/Industrial Buildings/industrial-buildings-inconstruction-warehouse.prefab
  artifactKey: Guid(190e034740a2745bcaf9d0322736aebc) Importer(815301076,1909f56bfc062723c751e8b465ee728b)
Start importing Assets/Loading Games/Toon City Pack/Prefabs/Buildings/Industrial Buildings/industrial-buildings-inconstruction-warehouse.prefab using Guid(190e034740a2745bcaf9d0322736aebc) Importer(815301076,1909f56bfc062723c751e8b465ee728b) (PreviewImporter) -> (artifact id: '882b3cdf796da426607390fd20f2df08') in 0.007090542 seconds
Number of updated asset objects reloaded before import = 0Number of asset objects unloaded after import = 28

